0 info it worked if it ends with ok
1 verbose cli [ 'C:\\Program Files\\nodejs\\node.exe',
1 verbose cli   'C:\\Program Files\\nodejs\\node_modules\\npm\\bin\\npm-cli.js',
1 verbose cli   'restart' ]
2 info using npm@3.10.10
3 info using node@v6.11.3
4 verbose run-script [ 'prerestart',
4 verbose run-script   'prestop',
4 verbose run-script   'stop',
4 verbose run-script   'poststop',
4 verbose run-script   'restart',
4 verbose run-script   'prestart',
4 verbose run-script   'start',
4 verbose run-script   'poststart',
4 verbose run-script   'postrestart' ]
5 info lifecycle learnnodeapi@1.0.0~prerestart: learnnodeapi@1.0.0
6 silly lifecycle learnnodeapi@1.0.0~prerestart: no script for prerestart, continuing
7 info lifecycle learnnodeapi@1.0.0~prestop: learnnodeapi@1.0.0
8 silly lifecycle learnnodeapi@1.0.0~prestop: no script for prestop, continuing
9 info lifecycle learnnodeapi@1.0.0~stop: learnnodeapi@1.0.0
10 silly lifecycle learnnodeapi@1.0.0~stop: no script for stop, continuing
11 info lifecycle learnnodeapi@1.0.0~poststop: learnnodeapi@1.0.0
12 silly lifecycle learnnodeapi@1.0.0~poststop: no script for poststop, continuing
13 info lifecycle learnnodeapi@1.0.0~restart: learnnodeapi@1.0.0
14 silly lifecycle learnnodeapi@1.0.0~restart: no script for restart, continuing
15 info lifecycle learnnodeapi@1.0.0~prestart: learnnodeapi@1.0.0
16 silly lifecycle learnnodeapi@1.0.0~prestart: no script for prestart, continuing
17 info lifecycle learnnodeapi@1.0.0~start: learnnodeapi@1.0.0
18 verbose lifecycle learnnodeapi@1.0.0~start: unsafe-perm in lifecycle true
19 verbose lifecycle learnnodeapi@1.0.0~start: PATH: C:\Program Files\nodejs\node_modules\npm\bin\node-gyp-bin;C:\Users\ram\My Documents\github\Learn-NodeJS\node_modules\.bin;C:\Program Files\Common Files\Microsoft Shared\Windows Live;C:\Program Files (x86)\Common Files\Microsoft Shared\Windows Live;C:\ProgramData\Oracle\Java\javapath;C:\Windows\system32;C:\Windows;C:\Windows\System32\Wbem;C:\Windows\System32\WindowsPowerShell\v1.0\;C:\Program Files (x86)\Windows Live\Shared;C:\Program Files (x86)\NVIDIA Corporation\PhysX\Common;C:\Program Files (x86)\QuickTime\QTSystem\;C:\Program Files\TortoiseSVN\bin;C:\Program Files\nodejs\;C:\Users\ram\AppData\Local\GitHubDesktop\bin;C:\Users\ram\AppData\Roaming\npm
20 verbose lifecycle learnnodeapi@1.0.0~start: CWD: C:\Users\ram\My Documents\github\Learn-NodeJS
21 silly lifecycle learnnodeapi@1.0.0~start: Args: [ '/d /s /c', 'node server.js' ]
22 silly lifecycle learnnodeapi@1.0.0~start: Returned: code: 3221225786  signal: null
23 info lifecycle learnnodeapi@1.0.0~start: Failed to exec start script
24 verbose stack Error: learnnodeapi@1.0.0 start: `node server.js`
24 verbose stack Exit status 3221225786
24 verbose stack     at EventEmitter.<anonymous> (C:\Program Files\nodejs\node_modules\npm\lib\utils\lifecycle.js:255:16)
24 verbose stack     at emitTwo (events.js:106:13)
24 verbose stack     at EventEmitter.emit (events.js:191:7)
24 verbose stack     at ChildProcess.<anonymous> (C:\Program Files\nodejs\node_modules\npm\lib\utils\spawn.js:40:14)
24 verbose stack     at emitTwo (events.js:106:13)
24 verbose stack     at ChildProcess.emit (events.js:191:7)
24 verbose stack     at maybeClose (internal/child_process.js:920:16)
24 verbose stack     at Process.ChildProcess._handle.onexit (internal/child_process.js:230:5)
25 verbose pkgid learnnodeapi@1.0.0
26 verbose cwd C:\Users\ram\My Documents\github\Learn-NodeJS
27 error Windows_NT 6.1.7601
28 error argv "C:\\Program Files\\nodejs\\node.exe" "C:\\Program Files\\nodejs\\node_modules\\npm\\bin\\npm-cli.js" "restart"
29 error node v6.11.3
30 error npm  v3.10.10
31 error code ELIFECYCLE
32 error learnnodeapi@1.0.0 start: `node server.js`
32 error Exit status 3221225786
33 error Failed at the learnnodeapi@1.0.0 start script 'node server.js'.
33 error Make sure you have the latest version of node.js and npm installed.
33 error If you do, this is most likely a problem with the learnnodeapi package,
33 error not with npm itself.
33 error Tell the author that this fails on your system:
33 error     node server.js
33 error You can get information on how to open an issue for this project with:
33 error     npm bugs learnnodeapi
33 error Or if that isn't available, you can get their info via:
33 error     npm owner ls learnnodeapi
33 error There is likely additional logging output above.
34 verbose exit [ 1, true ]
